This is pdfTeX, Version 3.14159265-2.6-1.40.20 (TeX Live 2019/W32TeX) (preloaded format=pdflatex 2019.12.2)  5 FEB 2020 00:12
entering extended mode
 restricted \write18 enabled.
 file:line:error style messages enabled.
 %&-line parsing enabled.
**report.tex
(c:/Users/RahulV/Desktop/sem_8/rl/RL_ASSIGNMENTS/pa1/report.tex
LaTeX2e <2019-10-01> patch level 3
(c:/Users/RahulV/AppData/Roaming/TinyTeX/texmf-dist/tex/latex/base/article.cls
Document Class: article 2019/10/25 v1.4k Standard LaTeX document class
(c:/Users/RahulV/AppData/Roaming/TinyTeX/texmf-dist/tex/latex/base/size10.clo
File: size10.clo 2019/10/25 v1.4k Standard LaTeX file (size option)
)
\c@part=\count80
\c@section=\count81
\c@subsection=\count82
\c@subsubsection=\count83
\c@paragraph=\count84
\c@subparagraph=\count85
\c@figure=\count86
\c@table=\count87
\abovecaptionskip=\skip41
\belowcaptionskip=\skip42
\bibindent=\dimen102
) (c:/Users/RahulV/AppData/Roaming/TinyTeX/texmf-dist/tex/latex/base/fontenc.sty
Package: fontenc 2018/08/11 v2.0j Standard LaTeX package
 (c:/Users/RahulV/AppData/Roaming/TinyTeX/texmf-dist/tex/latex/base/t1enc.def
File: t1enc.def 2018/08/11 v2.0j Standard LaTeX file
LaTeX Font Info:    Redeclaring font encoding T1 on input line 48.
)) (c:/Users/RahulV/AppData/Roaming/TinyTeX/texmf-dist/tex/latex/base/inputenc.sty
Package: inputenc 2018/08/11 v1.3c Input encoding file
\inpenc@prehook=\toks14
\inpenc@posthook=\toks15
 (c:/Users/RahulV/AppData/Roaming/TinyTeX/texmf-dist/tex/latex/base/latin9.def
File: latin9.def 2018/08/11 v1.3c Input encoding file
)) (c:/Users/RahulV/AppData/Roaming/TinyTeX/texmf-dist/tex/latex/float/float.sty
Package: float 2001/11/08 v1.3d Float enhancements (AL)
\c@float@type=\count88
\float@exts=\toks16
\float@box=\box27
\@float@everytoks=\toks17
\@floatcapt=\box28
) (c:/Users/RahulV/AppData/Roaming/TinyTeX/texmf-dist/tex/latex/geometry/geometry.sty
Package: geometry 2018/04/16 v5.8 Page Geometry
 (c:/Users/RahulV/AppData/Roaming/TinyTeX/texmf-dist/tex/latex/graphics/keyval.sty
Package: keyval 2014/10/28 v1.15 key=value parser (DPC)
\KV@toks@=\toks18
) (c:/Users/RahulV/AppData/Roaming/TinyTeX/texmf-dist/tex/generic/iftex/ifpdf.sty
Package: ifpdf 2019/10/25 v3.4 ifpdf legacy package. Use iftex instead.
 (c:/Users/RahulV/AppData/Roaming/TinyTeX/texmf-dist/tex/generic/iftex/iftex.sty
Package: iftex 2019/11/07 v1.0c TeX engine tests
)) (c:/Users/RahulV/AppData/Roaming/TinyTeX/texmf-dist/tex/generic/iftex/ifvtex.sty
Package: ifvtex 2019/10/25 v1.7 ifvtex legacy package. Use iftex instead.
) (c:/Users/RahulV/AppData/Roaming/TinyTeX/texmf-dist/tex/generic/iftex/ifxetex.sty
Package: ifxetex 2019/10/25 v0.7 ifxetex legacy package. Use iftex instead.
)
\Gm@cnth=\count89
\Gm@cntv=\count90
\c@Gm@tempcnt=\count91
\Gm@bindingoffset=\dimen103
\Gm@wd@mp=\dimen104
\Gm@odd@mp=\dimen105
\Gm@even@mp=\dimen106
\Gm@layoutwidth=\dimen107
\Gm@layoutheight=\dimen108
\Gm@layouthoffset=\dimen109
\Gm@layoutvoffset=\dimen110
\Gm@dimlist=\toks19
) (c:/Users/RahulV/AppData/Roaming/TinyTeX/texmf-dist/tex/latex/amsmath/amsmath.sty
Package: amsmath 2019/11/16 v2.17d AMS math features
\@mathmargin=\skip43

For additional information on amsmath, use the `?' option.
(c:/Users/RahulV/AppData/Roaming/TinyTeX/texmf-dist/tex/latex/amsmath/amstext.sty
Package: amstext 2000/06/29 v2.01 AMS text
 (c:/Users/RahulV/AppData/Roaming/TinyTeX/texmf-dist/tex/latex/amsmath/amsgen.sty
File: amsgen.sty 1999/11/30 v2.0 generic functions
\@emptytoks=\toks20
\ex@=\dimen111
)) (c:/Users/RahulV/AppData/Roaming/TinyTeX/texmf-dist/tex/latex/amsmath/amsbsy.sty
Package: amsbsy 1999/11/29 v1.2d Bold Symbols
\pmbraise@=\dimen112
) (c:/Users/RahulV/AppData/Roaming/TinyTeX/texmf-dist/tex/latex/amsmath/amsopn.sty
Package: amsopn 2016/03/08 v2.02 operator names
)
\inf@bad=\count92
LaTeX Info: Redefining \frac on input line 227.
\uproot@=\count93
\leftroot@=\count94
LaTeX Info: Redefining \overline on input line 389.
\classnum@=\count95
\DOTSCASE@=\count96
LaTeX Info: Redefining \ldots on input line 486.
LaTeX Info: Redefining \dots on input line 489.
LaTeX Info: Redefining \cdots on input line 610.
\Mathstrutbox@=\box29
\strutbox@=\box30
\big@size=\dimen113
LaTeX Font Info:    Redeclaring font encoding OML on input line 733.
LaTeX Font Info:    Redeclaring font encoding OMS on input line 734.
\macc@depth=\count97
\c@MaxMatrixCols=\count98
\dotsspace@=\muskip10
\c@parentequation=\count99
\dspbrk@lvl=\count100
\tag@help=\toks21
\row@=\count101
\column@=\count102
\maxfields@=\count103
\andhelp@=\toks22
\eqnshift@=\dimen114
\alignsep@=\dimen115
\tagshift@=\dimen116
\tagwidth@=\dimen117
\totwidth@=\dimen118
\lineht@=\dimen119
\@envbody=\toks23
\multlinegap=\skip44
\multlinetaggap=\skip45
\mathdisplay@stack=\toks24
LaTeX Info: Redefining \[ on input line 2858.
LaTeX Info: Redefining \] on input line 2859.
) (c:/Users/RahulV/AppData/Roaming/TinyTeX/texmf-dist/tex/latex/graphics/graphicx.sty
Package: graphicx 2017/06/01 v1.1a Enhanced LaTeX Graphics (DPC,SPQR)
 (c:/Users/RahulV/AppData/Roaming/TinyTeX/texmf-dist/tex/latex/graphics/graphics.sty
Package: graphics 2019/11/01 v1.3d Standard LaTeX Graphics (DPC,SPQR)
 (c:/Users/RahulV/AppData/Roaming/TinyTeX/texmf-dist/tex/latex/graphics/trig.sty
Package: trig 2016/01/03 v1.10 sin cos tan (DPC)
) (c:/Users/RahulV/AppData/Roaming/TinyTeX/texmf-dist/tex/latex/graphics-cfg/graphics.cfg
File: graphics.cfg 2016/06/04 v1.11 sample graphics configuration
)
Package graphics Info: Driver file: pdftex.def on input line 105.
 (c:/Users/RahulV/AppData/Roaming/TinyTeX/texmf-dist/tex/latex/graphics-def/pdftex.def
File: pdftex.def 2018/01/08 v1.0l Graphics/color driver for pdftex
))
\Gin@req@height=\dimen120
\Gin@req@width=\dimen121
) (c:/Users/RahulV/AppData/Roaming/TinyTeX/texmf-dist/tex/latex/graphics/color.sty
Package: color 2016/07/10 v1.1e Standard LaTeX Color (DPC)
 (c:/Users/RahulV/AppData/Roaming/TinyTeX/texmf-dist/tex/latex/graphics-cfg/color.cfg
File: color.cfg 2016/01/02 v1.6 sample color configuration
)
Package color Info: Driver file: pdftex.def on input line 147.
)

LaTeX Warning: Unused global option(s):
    [english].

(c:/Users/RahulV/Desktop/sem_8/rl/RL_ASSIGNMENTS/pa1/report.aux

LaTeX Warning: Label `fig:eg1' multiply defined.


LaTeX Warning: Label `fig:eg1' multiply defined.


LaTeX Warning: Label `fig:eg1' multiply defined.


LaTeX Warning: Label `fig:eg1' multiply defined.


LaTeX Warning: Label `fig:eg1' multiply defined.


LaTeX Warning: Label `fig:eg1' multiply defined.


LaTeX Warning: Label `fig:eg1' multiply defined.


LaTeX Warning: Label `fig:eg1' multiply defined.


LaTeX Warning: Label `fig:eg1' multiply defined.

)
\openout1 = `report.aux'.

LaTeX Font Info:    Checking defaults for OML/cmm/m/it on input line 17.
LaTeX Font Info:    ... okay on input line 17.
LaTeX Font Info:    Checking defaults for T1/cmr/m/n on input line 17.
LaTeX Font Info:    ... okay on input line 17.
LaTeX Font Info:    Checking defaults for OT1/cmr/m/n on input line 17.
LaTeX Font Info:    ... okay on input line 17.
LaTeX Font Info:    Checking defaults for OMS/cmsy/m/n on input line 17.
LaTeX Font Info:    ... okay on input line 17.
LaTeX Font Info:    Checking defaults for OMX/cmex/m/n on input line 17.
LaTeX Font Info:    ... okay on input line 17.
LaTeX Font Info:    Checking defaults for U/cmr/m/n on input line 17.
LaTeX Font Info:    ... okay on input line 17.

*geometry* driver: auto-detecting
*geometry* detected driver: pdftex

Package geometry Warning: The marginal notes overrun the paper.
     Add 19.0945pt and more to the right margin.

*geometry* verbose mode - [ preamble ] result:
* driver: pdftex
* paper: a4paper
* layout: <same size as paper>
* layoutoffset:(h,v)=(0.0pt,0.0pt)
* modes: 
* h-part:(L,W,R)=(56.9055pt, 483.69687pt, 56.9055pt)
* v-part:(T,H,B)=(56.9055pt, 731.23584pt, 56.9055pt)
* \paperwidth=597.50787pt
* \paperheight=845.04684pt
* \textwidth=483.69687pt
* \textheight=731.23584pt
* \oddsidemargin=-15.36449pt
* \evensidemargin=-15.36449pt
* \topmargin=-52.36449pt
* \headheight=12.0pt
* \headsep=25.0pt
* \topskip=10.0pt
* \footskip=30.0pt
* \marginparwidth=65.0pt
* \marginparsep=11.0pt
* \columnsep=10.0pt
* \skip\footins=9.0pt plus 4.0pt minus 2.0pt
* \hoffset=0.0pt
* \voffset=0.0pt
* \mag=1000
* \@twocolumnfalse
* \@twosidefalse
* \@mparswitchfalse
* \@reversemarginfalse
* (1in=72.27pt=25.4mm, 1cm=28.453pt)

(c:/Users/RahulV/AppData/Roaming/TinyTeX/texmf-dist/tex/latex/epstopdf-pkg/epstopdf-base.sty
Package: epstopdf-base 2019-11-30 v2.9 Base part for package epstopdf
Package epstopdf-base Info: Redefining graphics rule for `.eps' on input line 485.
 (c:/Users/RahulV/AppData/Roaming/TinyTeX/texmf-dist/tex/latex/latexconfig/epstopdf-sys.cfg
File: epstopdf-sys.cfg 2010/07/13 v1.3 Configuration of (r)epstopdf for TeX Live
)) (c:/Users/RahulV/Desktop/sem_8/rl/RL_ASSIGNMENTS/pa1/report.toc)
\tf@toc=\write3
\openout3 = `report.toc'.

 [1

{c:/Users/RahulV/AppData/Roaming/TinyTeX/texmf-var/fonts/map/pdftex/updmap/pdftex.map}]
LaTeX Font Info:    Trying to load font information for OMS+cmr on input line 26.
 (c:/Users/RahulV/AppData/Roaming/TinyTeX/texmf-dist/tex/latex/base/omscmr.fd
File: omscmr.fd 2014/09/29 v2.5h Standard LaTeX font definitions
)
LaTeX Font Info:    Font shape `OMS/cmr/m/n' in size <10> not available
(Font)              Font shape `OMS/cmsy/m/n' tried instead on input line 26.
<e_greedy_avg_reward_10arms.png, id=13, 1387.584pt x 669.9429pt>
File: e_greedy_avg_reward_10arms.png Graphic file (type png)
<use e_greedy_avg_reward_10arms.png>
Package pdftex.def Info: e_greedy_avg_reward_10arms.png  used on input line 34.
(pdftex.def)             Requested size: 483.69687pt x 233.53282pt.
<e_greedy_opt_action_10arms.png, id=15, 1387.584pt x 669.9429pt>
File: e_greedy_opt_action_10arms.png Graphic file (type png)
<use e_greedy_opt_action_10arms.png>
Package pdftex.def Info: e_greedy_opt_action_10arms.png  used on input line 41.
(pdftex.def)             Requested size: 483.69687pt x 233.53282pt.
 [2 <c:/Users/RahulV/Desktop/sem_8/rl/RL_ASSIGNMENTS/pa1/e_greedy_avg_reward_10arms.png> <c:/Users/RahulV/Desktop/sem_8/rl/RL_ASSIGNMENTS/pa1/e_greedy_opt_action_10arms.png>] [3]
<softmax_avg_reward_10arms.png, id=28, 1387.584pt x 669.9429pt>
File: softmax_avg_reward_10arms.png Graphic file (type png)
<use softmax_avg_reward_10arms.png>
Package pdftex.def Info: softmax_avg_reward_10arms.png  used on input line 65.
(pdftex.def)             Requested size: 483.69687pt x 233.53282pt.
<softmax_opt_action_10arms.png, id=29, 1387.584pt x 669.9429pt>
File: softmax_opt_action_10arms.png Graphic file (type png)
<use softmax_opt_action_10arms.png>
Package pdftex.def Info: softmax_opt_action_10arms.png  used on input line 72.
(pdftex.def)             Requested size: 483.69687pt x 233.53282pt.
 [4 <c:/Users/RahulV/Desktop/sem_8/rl/RL_ASSIGNMENTS/pa1/softmax_avg_reward_10arms.png>] [5 <c:/Users/RahulV/Desktop/sem_8/rl/RL_ASSIGNMENTS/pa1/softmax_opt_action_10arms.png>]
<ucb1_avg_reward_10arms.png, id=43, 462.528pt x 344.0052pt>
File: ucb1_avg_reward_10arms.png Graphic file (type png)
<use ucb1_avg_reward_10arms.png>
Package pdftex.def Info: ucb1_avg_reward_10arms.png  used on input line 95.
(pdftex.def)             Requested size: 483.69687pt x 359.76736pt.
<ucb1_opt_action_10arms.png, id=44, 462.528pt x 344.0052pt>
File: ucb1_opt_action_10arms.png Graphic file (type png)
<use ucb1_opt_action_10arms.png>
Package pdftex.def Info: ucb1_opt_action_10arms.png  used on input line 102.
(pdftex.def)             Requested size: 483.69687pt x 359.76736pt.
 [6 <c:/Users/RahulV/Desktop/sem_8/rl/RL_ASSIGNMENTS/pa1/ucb1_avg_reward_10arms.png>] [7 <c:/Users/RahulV/Desktop/sem_8/rl/RL_ASSIGNMENTS/pa1/ucb1_opt_action_10arms.png>]
<mea_10arms.png, id=54, 462.528pt x 344.0052pt>
File: mea_10arms.png Graphic file (type png)
<use mea_10arms.png>
Package pdftex.def Info: mea_10arms.png  used on input line 122.
(pdftex.def)             Requested size: 483.69687pt x 359.76736pt.
File: mea_10arms.png Graphic file (type png)
<use mea_10arms.png>
Package pdftex.def Info: mea_10arms.png  used on input line 129.
(pdftex.def)             Requested size: 483.69687pt x 359.76736pt.
 [8 <c:/Users/RahulV/Desktop/sem_8/rl/RL_ASSIGNMENTS/pa1/mea_10arms.png>] [9]
<plot_1000arms_rew.png, id=62, 462.528pt x 344.0052pt>
File: plot_1000arms_rew.png Graphic file (type png)
<use plot_1000arms_rew.png>
Package pdftex.def Info: plot_1000arms_rew.png  used on input line 145.
(pdftex.def)             Requested size: 483.69687pt x 359.76736pt.
<plot_1000arms_opt.png, id=63, 462.528pt x 344.0052pt>
File: plot_1000arms_opt.png Graphic file (type png)
<use plot_1000arms_opt.png>
Package pdftex.def Info: plot_1000arms_opt.png  used on input line 152.
(pdftex.def)             Requested size: 483.69687pt x 359.76736pt.
 [10 <c:/Users/RahulV/Desktop/sem_8/rl/RL_ASSIGNMENTS/pa1/plot_1000arms_rew.png>] [11 <c:/Users/RahulV/Desktop/sem_8/rl/RL_ASSIGNMENTS/pa1/plot_1000arms_opt.png>] (c:/Users/RahulV/Desktop/sem_8/rl/RL_ASSIGNMENTS/pa1/report.aux)

LaTeX Warning: There were multiply-defined labels.

 ) 
Here is how much of TeX's memory you used:
 2327 strings out of 494108
 31654 string characters out of 6172174
 97766 words of memory out of 5000000
 6410 multiletter control sequences out of 15000+600000
 15494 words of font info for 41 fonts, out of 8000000 for 9000
 14 hyphenation exceptions out of 8191
 30i,6n,23p,345b,240s stack positions out of 5000i,500n,10000p,200000b,80000s
 <c:/Users/RahulV/.TinyTeX/texmf-var/fonts/pk/ljfour/jknappen/ec/ecti1000.600pk> <c:/Users/RahulV/.TinyTeX/texmf-var/fonts/pk/ljfour/jknappen/ec/ecbx1200.600pk> <c:/Users/RahulV/.TinyTeX/texmf-var/fonts/pk/ljfour/jknappen/ec/ecrm1000.600pk> <c:/Users/RahulV/.TinyTeX/texmf-var/fonts/pk/ljfour/jknappen/ec/ecbx1000.600pk> <c:/Users/RahulV/.TinyTeX/texmf-var/fonts/pk/ljfour/jknappen/ec/ecbx1440.600pk> <c:/Users/RahulV/.TinyTeX/texmf-var/fonts/pk/ljfour/jknappen/ec/ecrm1200.600pk> <c:/Users/RahulV/.TinyTeX/texmf-var/fonts/pk/ljfour/jknappen/ec/ecrm1728.600pk> <c:/Users/RahulV/.TinyTeX/texmf-var/fonts/pk/ljfour/jknappen/ec/ecbx1728.600pk><c:/Users/RahulV/AppData/Roaming/TinyTeX/texmf-dist/fonts/type1/public/amsfonts/cm/cmex10.pfb><c:/Users/RahulV/AppData/Roaming/TinyTeX/texmf-dist/fonts/type1/public/amsfonts/cm/cmmi10.pfb><c:/Users/RahulV/AppData/Roaming/TinyTeX/texmf-dist/fonts/type1/public/amsfonts/cm/cmmi12.pfb><c:/Users/RahulV/AppData/Roaming/TinyTeX/texmf-dist/fonts/type1/public/amsfonts/cm/cmmi5.pfb><c:/Users/RahulV/AppData/Roaming/TinyTeX/texmf-dist/fonts/type1/public/amsfonts/cm/cmmi7.pfb><c:/Users/RahulV/AppData/Roaming/TinyTeX/texmf-dist/fonts/type1/public/amsfonts/cm/cmr10.pfb><c:/Users/RahulV/AppData/Roaming/TinyTeX/texmf-dist/fonts/type1/public/amsfonts/cm/cmr7.pfb><c:/Users/RahulV/AppData/Roaming/TinyTeX/texmf-dist/fonts/type1/public/amsfonts/cm/cmsy10.pfb>
Output written on c:/Users/RahulV/Desktop/sem_8/rl/RL_ASSIGNMENTS/pa1/report.pdf (11 pages, 838978 bytes).
PDF statistics:
 334 PDF objects out of 1000 (max. 8388607)
 83 compressed objects within 1 object stream
 0 named destinations out of 1000 (max. 500000)
 46 words of extra memory for PDF output out of 10000 (max. 10000000)

