This is pdfTeX, Version 3.14159265-2.6-1.40.20 (TeX Live 2019/Debian) (preloaded format=pdflatex 2020.5.30)  31 JUL 2020 23:59
entering extended mode
 restricted \write18 enabled.
 %&-line parsing enabled.
**report
(./report
LaTeX2e <2020-02-02> patch level 2
L3 programming layer <2020-02-14>
(/usr/share/texlive/texmf-dist/tex/latex/base/article.cls
Document Class: article 2019/12/20 v1.4l Standard LaTeX document class
(/usr/share/texlive/texmf-dist/tex/latex/base/size10.clo
File: size10.clo 2019/12/20 v1.4l Standard LaTeX file (size option)
)
\c@part=\count167
\c@section=\count168
\c@subsection=\count169
\c@subsubsection=\count170
\c@paragraph=\count171
\c@subparagraph=\count172
\c@figure=\count173
\c@table=\count174
\abovecaptionskip=\skip47
\belowcaptionskip=\skip48
\bibindent=\dimen134
)
(/usr/share/texlive/texmf-dist/tex/latex/base/fontenc.sty
Package: fontenc 2020/02/11 v2.0o Standard LaTeX package
)
(/usr/share/texlive/texmf-dist/tex/latex/base/inputenc.sty
Package: inputenc 2018/08/11 v1.3c Input encoding file
\inpenc@prehook=\toks14
\inpenc@posthook=\toks15

(/usr/share/texlive/texmf-dist/tex/latex/base/latin9.def
File: latin9.def 2018/08/11 v1.3c Input encoding file
))
(/usr/share/texlive/texmf-dist/tex/latex/float/float.sty
Package: float 2001/11/08 v1.3d Float enhancements (AL)
\c@float@type=\count175
\float@exts=\toks16
\float@box=\box45
\@float@everytoks=\toks17
\@floatcapt=\box46
)
(/usr/share/texlive/texmf-dist/tex/latex/geometry/geometry.sty
Package: geometry 2020/01/02 v5.9 Page Geometry

(/usr/share/texlive/texmf-dist/tex/latex/graphics/keyval.sty
Package: keyval 2014/10/28 v1.15 key=value parser (DPC)
\KV@toks@=\toks18
)
(/usr/share/texlive/texmf-dist/tex/generic/iftex/ifvtex.sty
Package: ifvtex 2019/10/25 v1.7 ifvtex legacy package. Use iftex instead.

(/usr/share/texlive/texmf-dist/tex/generic/iftex/iftex.sty
Package: iftex 2019/11/07 v1.0c TeX engine tests
))
\Gm@cnth=\count176
\Gm@cntv=\count177
\c@Gm@tempcnt=\count178
\Gm@bindingoffset=\dimen135
\Gm@wd@mp=\dimen136
\Gm@odd@mp=\dimen137
\Gm@even@mp=\dimen138
\Gm@layoutwidth=\dimen139
\Gm@layoutheight=\dimen140
\Gm@layouthoffset=\dimen141
\Gm@layoutvoffset=\dimen142
\Gm@dimlist=\toks19
)
(/usr/share/texlive/texmf-dist/tex/latex/amsmath/amsmath.sty
Package: amsmath 2020/01/20 v2.17e AMS math features
\@mathmargin=\skip49

For additional information on amsmath, use the `?' option.
(/usr/share/texlive/texmf-dist/tex/latex/amsmath/amstext.sty
Package: amstext 2000/06/29 v2.01 AMS text

(/usr/share/texlive/texmf-dist/tex/latex/amsmath/amsgen.sty
File: amsgen.sty 1999/11/30 v2.0 generic functions
\@emptytoks=\toks20
\ex@=\dimen143
))
(/usr/share/texlive/texmf-dist/tex/latex/amsmath/amsbsy.sty
Package: amsbsy 1999/11/29 v1.2d Bold Symbols
\pmbraise@=\dimen144
)
(/usr/share/texlive/texmf-dist/tex/latex/amsmath/amsopn.sty
Package: amsopn 2016/03/08 v2.02 operator names
)
\inf@bad=\count179
LaTeX Info: Redefining \frac on input line 227.
\uproot@=\count180
\leftroot@=\count181
LaTeX Info: Redefining \overline on input line 389.
\classnum@=\count182
\DOTSCASE@=\count183
LaTeX Info: Redefining \ldots on input line 486.
LaTeX Info: Redefining \dots on input line 489.
LaTeX Info: Redefining \cdots on input line 610.
\Mathstrutbox@=\box47
\strutbox@=\box48
\big@size=\dimen145
LaTeX Font Info:    Redeclaring font encoding OML on input line 733.
LaTeX Font Info:    Redeclaring font encoding OMS on input line 734.
\macc@depth=\count184
\c@MaxMatrixCols=\count185
\dotsspace@=\muskip16
\c@parentequation=\count186
\dspbrk@lvl=\count187
\tag@help=\toks21
\row@=\count188
\column@=\count189
\maxfields@=\count190
\andhelp@=\toks22
\eqnshift@=\dimen146
\alignsep@=\dimen147
\tagshift@=\dimen148
\tagwidth@=\dimen149
\totwidth@=\dimen150
\lineht@=\dimen151
\@envbody=\toks23
\multlinegap=\skip50
\multlinetaggap=\skip51
\mathdisplay@stack=\toks24
LaTeX Info: Redefining \[ on input line 2859.
LaTeX Info: Redefining \] on input line 2860.
)
(/usr/share/texlive/texmf-dist/tex/latex/graphics/graphicx.sty
Package: graphicx 2019/11/30 v1.2a Enhanced LaTeX Graphics (DPC,SPQR)

(/usr/share/texlive/texmf-dist/tex/latex/graphics/graphics.sty
Package: graphics 2019/11/30 v1.4a Standard LaTeX Graphics (DPC,SPQR)

(/usr/share/texlive/texmf-dist/tex/latex/graphics/trig.sty
Package: trig 2016/01/03 v1.10 sin cos tan (DPC)
)
(/usr/share/texlive/texmf-dist/tex/latex/graphics-cfg/graphics.cfg
File: graphics.cfg 2016/06/04 v1.11 sample graphics configuration
)
Package graphics Info: Driver file: pdftex.def on input line 105.

(/usr/share/texlive/texmf-dist/tex/latex/graphics-def/pdftex.def
File: pdftex.def 2018/01/08 v1.0l Graphics/color driver for pdftex
))
\Gin@req@height=\dimen152
\Gin@req@width=\dimen153
)
(/usr/share/texlive/texmf-dist/tex/latex/xcolor/xcolor.sty
Package: xcolor 2016/05/11 v2.12 LaTeX color extensions (UK)

(/usr/share/texlive/texmf-dist/tex/latex/graphics-cfg/color.cfg
File: color.cfg 2016/01/02 v1.6 sample color configuration
)
Package xcolor Info: Driver file: pdftex.def on input line 225.

(/usr/share/texlive/texmf-dist/tex/latex/colortbl/colortbl.sty
Package: colortbl 2020/01/04 v1.0e Color table columns (DPC)

(/usr/share/texlive/texmf-dist/tex/latex/tools/array.sty
Package: array 2019/08/31 v2.4l Tabular extension package (FMi)
\col@sep=\dimen154
\ar@mcellbox=\box49
\extrarowheight=\dimen155
\NC@list=\toks25
\extratabsurround=\skip52
\backup@length=\skip53
\ar@cellbox=\box50
)
\everycr=\toks26
\minrowclearance=\skip54
)
\rownum=\count191
Package xcolor Info: Model `cmy' substituted by `cmy0' on input line 1348.
Package xcolor Info: Model `hsb' substituted by `rgb' on input line 1352.
Package xcolor Info: Model `RGB' extended on input line 1364.
Package xcolor Info: Model `HTML' substituted by `rgb' on input line 1366.
Package xcolor Info: Model `Hsb' substituted by `hsb' on input line 1367.
Package xcolor Info: Model `tHsb' substituted by `hsb' on input line 1368.
Package xcolor Info: Model `HSB' substituted by `hsb' on input line 1369.
Package xcolor Info: Model `Gray' substituted by `gray' on input line 1370.
Package xcolor Info: Model `wave' substituted by `hsb' on input line 1371.
)
(/usr/share/texlive/texmf-dist/tex/latex/l3backend/l3backend-pdfmode.def
File: l3backend-pdfmode.def 2020-02-03 L3 backend support: PDF mode
\l__kernel_color_stack_int=\count192
\l__pdf_internal_box=\box51
)

LaTeX Warning: Unused global option(s):
    [english].

(./report.aux

LaTeX Warning: Label `fig: DQN Learning Curve' multiply defined.


LaTeX Warning: Label `fig: DQN Learning Curve' multiply defined.

)
\openout1 = `report.aux'.

LaTeX Font Info:    Checking defaults for OML/cmm/m/it on input line 18.
LaTeX Font Info:    ... okay on input line 18.
LaTeX Font Info:    Checking defaults for OMS/cmsy/m/n on input line 18.
LaTeX Font Info:    ... okay on input line 18.
LaTeX Font Info:    Checking defaults for OT1/cmr/m/n on input line 18.
LaTeX Font Info:    ... okay on input line 18.
LaTeX Font Info:    Checking defaults for T1/cmr/m/n on input line 18.
LaTeX Font Info:    ... okay on input line 18.
LaTeX Font Info:    Checking defaults for TS1/cmr/m/n on input line 18.
LaTeX Font Info:    ... okay on input line 18.
LaTeX Font Info:    Checking defaults for OMX/cmex/m/n on input line 18.
LaTeX Font Info:    ... okay on input line 18.
LaTeX Font Info:    Checking defaults for U/cmr/m/n on input line 18.
LaTeX Font Info:    ... okay on input line 18.

*geometry* driver: auto-detecting
*geometry* detected driver: pdftex

Package geometry Warning: The marginal notes overrun the paper.
     Add 19.0945pt and more to the right margin.

*geometry* verbose mode - [ preamble ] result:
* driver: pdftex
* paper: a4paper
* layout: <same size as paper>
* layoutoffset:(h,v)=(0.0pt,0.0pt)
* modes: 
* h-part:(L,W,R)=(56.9055pt, 483.69687pt, 56.9055pt)
* v-part:(T,H,B)=(56.9055pt, 731.23584pt, 56.9055pt)
* \paperwidth=597.50787pt
* \paperheight=845.04684pt
* \textwidth=483.69687pt
* \textheight=731.23584pt
* \oddsidemargin=-15.36449pt
* \evensidemargin=-15.36449pt
* \topmargin=-52.36449pt
* \headheight=12.0pt
* \headsep=25.0pt
* \topskip=10.0pt
* \footskip=30.0pt
* \marginparwidth=65.0pt
* \marginparsep=11.0pt
* \columnsep=10.0pt
* \skip\footins=9.0pt plus 4.0pt minus 2.0pt
* \hoffset=0.0pt
* \voffset=0.0pt
* \mag=1000
* \@twocolumnfalse
* \@twosidefalse
* \@mparswitchfalse
* \@reversemarginfalse
* (1in=72.27pt=25.4mm, 1cm=28.453pt)

(/usr/share/texlive/texmf-dist/tex/context/base/mkii/supp-pdf.mkii
[Loading MPS to PDF converter (version 2006.09.02).]
\scratchcounter=\count193
\scratchdimen=\dimen156
\scratchbox=\box52
\nofMPsegments=\count194
\nofMParguments=\count195
\everyMPshowfont=\toks27
\MPscratchCnt=\count196
\MPscratchDim=\dimen157
\MPnumerator=\count197
\makeMPintoPDFobject=\count198
\everyMPtoPDFconversion=\toks28
) (/usr/share/texlive/texmf-dist/tex/latex/epstopdf-pkg/epstopdf-base.sty
Package: epstopdf-base 2020-01-24 v2.11 Base part for package epstopdf
Package epstopdf-base Info: Redefining graphics rule for `.eps' on input line 4
85.

(/usr/share/texlive/texmf-dist/tex/latex/latexconfig/epstopdf-sys.cfg
File: epstopdf-sys.cfg 2010/07/13 v1.3 Configuration of (r)epstopdf for TeX Liv
e
))
<Q1/plots/SMDPQ_G1_option_Up.png, id=1, 462.528pt x 346.896pt>
File: Q1/plots/SMDPQ_G1_option_Up.png Graphic file (type png)
<use Q1/plots/SMDPQ_G1_option_Up.png>
Package pdftex.def Info: Q1/plots/SMDPQ_G1_option_Up.png  used on input line 30
.
(pdftex.def)             Requested size: 241.84843pt x 181.38736pt.
<Q1/plots/SMDPQ_G1_option_Right.png, id=3, 462.528pt x 346.896pt>
File: Q1/plots/SMDPQ_G1_option_Right.png Graphic file (type png)
<use Q1/plots/SMDPQ_G1_option_Right.png>
Package pdftex.def Info: Q1/plots/SMDPQ_G1_option_Right.png  used on input line
 33.
(pdftex.def)             Requested size: 241.84843pt x 181.38736pt.
<Q1/plots/SMDPQ_G1_option_Down.png, id=4, 462.528pt x 346.896pt>
File: Q1/plots/SMDPQ_G1_option_Down.png Graphic file (type png)
<use Q1/plots/SMDPQ_G1_option_Down.png>
Package pdftex.def Info: Q1/plots/SMDPQ_G1_option_Down.png  used on input line 
39.
(pdftex.def)             Requested size: 241.84843pt x 181.38736pt.
<Q1/plots/SMDPQ_G1_option_Left.png, id=5, 462.528pt x 346.896pt>
File: Q1/plots/SMDPQ_G1_option_Left.png Graphic file (type png)
<use Q1/plots/SMDPQ_G1_option_Left.png>
Package pdftex.def Info: Q1/plots/SMDPQ_G1_option_Left.png  used on input line 
42.
(pdftex.def)             Requested size: 241.84843pt x 181.38736pt.
<Q1/plots/SMDPQ_G1_option_Clockwise.png, id=6, 462.528pt x 346.896pt>
File: Q1/plots/SMDPQ_G1_option_Clockwise.png Graphic file (type png)
<use Q1/plots/SMDPQ_G1_option_Clockwise.png>
Package pdftex.def Info: Q1/plots/SMDPQ_G1_option_Clockwise.png  used on input 
line 45.
(pdftex.def)             Requested size: 241.84843pt x 181.38736pt.
<Q1/plots/SMDPQ_G1_option_Anti-Clockwise.png, id=7, 462.528pt x 346.896pt>
File: Q1/plots/SMDPQ_G1_option_Anti-Clockwise.png Graphic file (type png)
<use Q1/plots/SMDPQ_G1_option_Anti-Clockwise.png>
Package pdftex.def Info: Q1/plots/SMDPQ_G1_option_Anti-Clockwise.png  used on i
nput line 48.
(pdftex.def)             Requested size: 241.84843pt x 181.38736pt.
<Q1/plots/SMDPQ_G1.png, id=8, 462.528pt x 346.896pt>
File: Q1/plots/SMDPQ_G1.png Graphic file (type png)
<use Q1/plots/SMDPQ_G1.png>
Package pdftex.def Info: Q1/plots/SMDPQ_G1.png  used on input line 54.
(pdftex.def)             Requested size: 241.84843pt x 181.38736pt.
<Q1/plots/SMDPQ_policy_G1.png, id=9, 462.528pt x 346.896pt>
File: Q1/plots/SMDPQ_policy_G1.png Graphic file (type png)
<use Q1/plots/SMDPQ_policy_G1.png>
Package pdftex.def Info: Q1/plots/SMDPQ_policy_G1.png  used on input line 57.
(pdftex.def)             Requested size: 241.84843pt x 181.38736pt.

[1

{/var/lib/texmf/fonts/map/pdftex/updmap/pdftex.map} <./Q1/plots/SMDPQ_G1_option
_Up.png> <./Q1/plots/SMDPQ_G1_option_Right.png>]
<Q1/plots/SMDPQ_G2_option_Up.png, id=27, 462.528pt x 346.896pt>
File: Q1/plots/SMDPQ_G2_option_Up.png Graphic file (type png)
<use Q1/plots/SMDPQ_G2_option_Up.png>
Package pdftex.def Info: Q1/plots/SMDPQ_G2_option_Up.png  used on input line 65
.
(pdftex.def)             Requested size: 241.84843pt x 181.38736pt.
<Q1/plots/SMDPQ_G2_option_Right.png, id=28, 462.528pt x 346.896pt>
File: Q1/plots/SMDPQ_G2_option_Right.png Graphic file (type png)
<use Q1/plots/SMDPQ_G2_option_Right.png>
Package pdftex.def Info: Q1/plots/SMDPQ_G2_option_Right.png  used on input line
 68.
(pdftex.def)             Requested size: 241.84843pt x 181.38736pt.
<Q1/plots/SMDPQ_G2_option_Down.png, id=29, 462.528pt x 346.896pt>
File: Q1/plots/SMDPQ_G2_option_Down.png Graphic file (type png)
<use Q1/plots/SMDPQ_G2_option_Down.png>
Package pdftex.def Info: Q1/plots/SMDPQ_G2_option_Down.png  used on input line 
71.
(pdftex.def)             Requested size: 241.84843pt x 181.38736pt.
<Q1/plots/SMDPQ_G2_option_Left.png, id=30, 462.528pt x 346.896pt>
File: Q1/plots/SMDPQ_G2_option_Left.png Graphic file (type png)
<use Q1/plots/SMDPQ_G2_option_Left.png>
Package pdftex.def Info: Q1/plots/SMDPQ_G2_option_Left.png  used on input line 
74.
(pdftex.def)             Requested size: 241.84843pt x 181.38736pt.
<Q1/plots/SMDPQ_G2_option_Clockwise.png, id=31, 462.528pt x 346.896pt>
File: Q1/plots/SMDPQ_G2_option_Clockwise.png Graphic file (type png)
<use Q1/plots/SMDPQ_G2_option_Clockwise.png>
Package pdftex.def Info: Q1/plots/SMDPQ_G2_option_Clockwise.png  used on input 
line 77.
(pdftex.def)             Requested size: 241.84843pt x 181.38736pt.
<Q1/plots/SMDPQ_G2_option_Anti-Clockwise.png, id=32, 462.528pt x 346.896pt>
File: Q1/plots/SMDPQ_G2_option_Anti-Clockwise.png Graphic file (type png)
<use Q1/plots/SMDPQ_G2_option_Anti-Clockwise.png>
Package pdftex.def Info: Q1/plots/SMDPQ_G2_option_Anti-Clockwise.png  used on i
nput line 80.
(pdftex.def)             Requested size: 241.84843pt x 181.38736pt.
<Q1/plots/SMDPQ_G2.png, id=33, 462.528pt x 346.896pt>
File: Q1/plots/SMDPQ_G2.png Graphic file (type png)
<use Q1/plots/SMDPQ_G2.png>
Package pdftex.def Info: Q1/plots/SMDPQ_G2.png  used on input line 86.
(pdftex.def)             Requested size: 241.84843pt x 181.38736pt.
<Q1/plots/SMDPQ_policy_G2.png, id=34, 462.528pt x 346.896pt>
File: Q1/plots/SMDPQ_policy_G2.png Graphic file (type png)
<use Q1/plots/SMDPQ_policy_G2.png>
Package pdftex.def Info: Q1/plots/SMDPQ_policy_G2.png  used on input line 89.
(pdftex.def)             Requested size: 241.84843pt x 181.38736pt.
 [2 <./Q1/plots/SMDPQ_G1_option_Down.png> <./Q1/plots/SMDPQ_G1_option_Left.png>
 <./Q1/plots/SMDPQ_G1_option_Clockwise.png> <./Q1/plots/SMDPQ_G1_option_Anti-Cl
ockwise.png> <./Q1/plots/SMDPQ_G1.png> <./Q1/plots/SMDPQ_policy_G1.png>] [3 <./
Q1/plots/SMDPQ_G2_option_Up.png> <./Q1/plots/SMDPQ_G2_option_Right.png> <./Q1/p
lots/SMDPQ_G2_option_Down.png> <./Q1/plots/SMDPQ_G2_option_Left.png> <./Q1/plot
s/SMDPQ_G2_option_Clockwise.png> <./Q1/plots/SMDPQ_G2_option_Anti-Clockwise.png
>]
<Q1/plots/SMDPQ_fixed_start_G1_option_Up.png, id=53, 462.528pt x 346.896pt>
File: Q1/plots/SMDPQ_fixed_start_G1_option_Up.png Graphic file (type png)
<use Q1/plots/SMDPQ_fixed_start_G1_option_Up.png>
Package pdftex.def Info: Q1/plots/SMDPQ_fixed_start_G1_option_Up.png  used on i
nput line 97.
(pdftex.def)             Requested size: 241.84843pt x 181.38736pt.
<Q1/plots/SMDPQ_fixed_start_G1_option_Right.png, id=54, 462.528pt x 346.896pt>
File: Q1/plots/SMDPQ_fixed_start_G1_option_Right.png Graphic file (type png)
<use Q1/plots/SMDPQ_fixed_start_G1_option_Right.png>
Package pdftex.def Info: Q1/plots/SMDPQ_fixed_start_G1_option_Right.png  used o
n input line 100.
(pdftex.def)             Requested size: 241.84843pt x 181.38736pt.
<Q1/plots/SMDPQ_fixed_start_G1_option_Down.png, id=55, 462.528pt x 346.896pt>
File: Q1/plots/SMDPQ_fixed_start_G1_option_Down.png Graphic file (type png)
<use Q1/plots/SMDPQ_fixed_start_G1_option_Down.png>
Package pdftex.def Info: Q1/plots/SMDPQ_fixed_start_G1_option_Down.png  used on
 input line 103.
(pdftex.def)             Requested size: 241.84843pt x 181.38736pt.
<Q1/plots/SMDPQ_fixed_start_G1_option_Left.png, id=56, 462.528pt x 346.896pt>
File: Q1/plots/SMDPQ_fixed_start_G1_option_Left.png Graphic file (type png)
<use Q1/plots/SMDPQ_fixed_start_G1_option_Left.png>
Package pdftex.def Info: Q1/plots/SMDPQ_fixed_start_G1_option_Left.png  used on
 input line 106.
(pdftex.def)             Requested size: 241.84843pt x 181.38736pt.
<Q1/plots/SMDPQ_fixed_start_G1_option_Clockwise.png, id=57, 462.528pt x 346.896
pt>
File: Q1/plots/SMDPQ_fixed_start_G1_option_Clockwise.png Graphic file (type png
)
<use Q1/plots/SMDPQ_fixed_start_G1_option_Clockwise.png>
Package pdftex.def Info: Q1/plots/SMDPQ_fixed_start_G1_option_Clockwise.png  us
ed on input line 113.
(pdftex.def)             Requested size: 241.84843pt x 181.38736pt.
<Q1/plots/SMDPQ_fixed_start_G1_option_Anti-Clockwise.png, id=58, 462.528pt x 34
6.896pt>
File: Q1/plots/SMDPQ_fixed_start_G1_option_Anti-Clockwise.png Graphic file (typ
e png)
<use Q1/plots/SMDPQ_fixed_start_G1_option_Anti-Clockwise.png>
Package pdftex.def Info: Q1/plots/SMDPQ_fixed_start_G1_option_Anti-Clockwise.pn
g  used on input line 116.
(pdftex.def)             Requested size: 241.84843pt x 181.38736pt.
 [4 <./Q1/plots/SMDPQ_G2.png> <./Q1/plots/SMDPQ_policy_G2.png> <./Q1/plots/SMDP
Q_fixed_start_G1_option_Up.png> <./Q1/plots/SMDPQ_fixed_start_G1_option_Right.p
ng> <./Q1/plots/SMDPQ_fixed_start_G1_option_Down.png> <./Q1/plots/SMDPQ_fixed_s
tart_G1_option_Left.png>]
<Q1/plots/SMDPQ_fixed_start_G1.png, id=68, 462.528pt x 346.896pt>
File: Q1/plots/SMDPQ_fixed_start_G1.png Graphic file (type png)
<use Q1/plots/SMDPQ_fixed_start_G1.png>
Package pdftex.def Info: Q1/plots/SMDPQ_fixed_start_G1.png  used on input line 
123.
(pdftex.def)             Requested size: 241.84843pt x 181.38736pt.
<Q1/plots/SMDPQ_policy_fixed_start_G1.png, id=69, 462.528pt x 346.896pt>
File: Q1/plots/SMDPQ_policy_fixed_start_G1.png Graphic file (type png)
<use Q1/plots/SMDPQ_policy_fixed_start_G1.png>
Package pdftex.def Info: Q1/plots/SMDPQ_policy_fixed_start_G1.png  used on inpu
t line 126.
(pdftex.def)             Requested size: 241.84843pt x 181.38736pt.
<Q1/plots/SMDPQ_fixed_start_G2_option_Up.png, id=70, 462.528pt x 346.896pt>
File: Q1/plots/SMDPQ_fixed_start_G2_option_Up.png Graphic file (type png)
<use Q1/plots/SMDPQ_fixed_start_G2_option_Up.png>
Package pdftex.def Info: Q1/plots/SMDPQ_fixed_start_G2_option_Up.png  used on i
nput line 134.
(pdftex.def)             Requested size: 241.84843pt x 181.38736pt.
<Q1/plots/SMDPQ_fixed_start_G2_option_Right.png, id=71, 462.528pt x 346.896pt>
File: Q1/plots/SMDPQ_fixed_start_G2_option_Right.png Graphic file (type png)
<use Q1/plots/SMDPQ_fixed_start_G2_option_Right.png>
Package pdftex.def Info: Q1/plots/SMDPQ_fixed_start_G2_option_Right.png  used o
n input line 137.
(pdftex.def)             Requested size: 241.84843pt x 181.38736pt.
<Q1/plots/SMDPQ_fixed_start_G2_option_Down.png, id=72, 462.528pt x 346.896pt>
File: Q1/plots/SMDPQ_fixed_start_G2_option_Down.png Graphic file (type png)
<use Q1/plots/SMDPQ_fixed_start_G2_option_Down.png>
Package pdftex.def Info: Q1/plots/SMDPQ_fixed_start_G2_option_Down.png  used on
 input line 143.
(pdftex.def)             Requested size: 241.84843pt x 181.38736pt.
<Q1/plots/SMDPQ_fixed_start_G2_option_Left.png, id=73, 462.528pt x 346.896pt>
File: Q1/plots/SMDPQ_fixed_start_G2_option_Left.png Graphic file (type png)
<use Q1/plots/SMDPQ_fixed_start_G2_option_Left.png>
Package pdftex.def Info: Q1/plots/SMDPQ_fixed_start_G2_option_Left.png  used on
 input line 146.
(pdftex.def)             Requested size: 241.84843pt x 181.38736pt.
<Q1/plots/SMDPQ_fixed_start_G2_option_Clockwise.png, id=74, 462.528pt x 346.896
pt>
File: Q1/plots/SMDPQ_fixed_start_G2_option_Clockwise.png Graphic file (type png
)
<use Q1/plots/SMDPQ_fixed_start_G2_option_Clockwise.png>
Package pdftex.def Info: Q1/plots/SMDPQ_fixed_start_G2_option_Clockwise.png  us
ed on input line 149.
(pdftex.def)             Requested size: 241.84843pt x 181.38736pt.
<Q1/plots/SMDPQ_fixed_start_G2_option_Anti-Clockwise.png, id=75, 462.528pt x 34
6.896pt>
File: Q1/plots/SMDPQ_fixed_start_G2_option_Anti-Clockwise.png Graphic file (typ
e png)
<use Q1/plots/SMDPQ_fixed_start_G2_option_Anti-Clockwise.png>
Package pdftex.def Info: Q1/plots/SMDPQ_fixed_start_G2_option_Anti-Clockwise.pn
g  used on input line 152.
(pdftex.def)             Requested size: 241.84843pt x 181.38736pt.
<Q1/plots/SMDPQ_fixed_start_G2.png, id=76, 462.528pt x 346.896pt>
File: Q1/plots/SMDPQ_fixed_start_G2.png Graphic file (type png)
<use Q1/plots/SMDPQ_fixed_start_G2.png>
Package pdftex.def Info: Q1/plots/SMDPQ_fixed_start_G2.png  used on input line 
158.
(pdftex.def)             Requested size: 241.84843pt x 181.38736pt.
<Q1/plots/SMDPQ_policy_fixed_start_G2.png, id=77, 462.528pt x 346.896pt>
File: Q1/plots/SMDPQ_policy_fixed_start_G2.png Graphic file (type png)
<use Q1/plots/SMDPQ_policy_fixed_start_G2.png>
Package pdftex.def Info: Q1/plots/SMDPQ_policy_fixed_start_G2.png  used on inpu
t line 161.
(pdftex.def)             Requested size: 241.84843pt x 181.38736pt.

[5 <./Q1/plots/SMDPQ_fixed_start_G1_option_Clockwise.png> <./Q1/plots/SMDPQ_fix
ed_start_G1_option_Anti-Clockwise.png> <./Q1/plots/SMDPQ_fixed_start_G1.png> <.
/Q1/plots/SMDPQ_policy_fixed_start_G1.png> <./Q1/plots/SMDPQ_fixed_start_G2_opt
ion_Up.png> <./Q1/plots/SMDPQ_fixed_start_G2_option_Right.png>]
<Q1/plots/intra_option_G1.png, id=87, 462.528pt x 346.896pt>
File: Q1/plots/intra_option_G1.png Graphic file (type png)
<use Q1/plots/intra_option_G1.png>
Package pdftex.def Info: Q1/plots/intra_option_G1.png  used on input line 171.
(pdftex.def)             Requested size: 241.84843pt x 181.38736pt.
<Q1/plots/intra_option_policy_G1.png, id=88, 462.528pt x 346.896pt>
File: Q1/plots/intra_option_policy_G1.png Graphic file (type png)
<use Q1/plots/intra_option_policy_G1.png>
Package pdftex.def Info: Q1/plots/intra_option_policy_G1.png  used on input lin
e 174.
(pdftex.def)             Requested size: 241.84843pt x 181.38736pt.
 [6 <./Q1/plots/SMDPQ_fixed_start_G2_option_Down.png> <./Q1/plots/SMDPQ_fixed_s
tart_G2_option_Left.png> <./Q1/plots/SMDPQ_fixed_start_G2_option_Clockwise.png>
 <./Q1/plots/SMDPQ_fixed_start_G2_option_Anti-Clockwise.png> <./Q1/plots/SMDPQ_
fixed_start_G2.png> <./Q1/plots/SMDPQ_policy_fixed_start_G2.png>]
<Q1/plots/intra_option_G2.png, id=98, 462.528pt x 346.896pt>
File: Q1/plots/intra_option_G2.png Graphic file (type png)
<use Q1/plots/intra_option_G2.png>
Package pdftex.def Info: Q1/plots/intra_option_G2.png  used on input line 182.
(pdftex.def)             Requested size: 241.84843pt x 181.38736pt.
<Q1/plots/intra_option_policy_G2.png, id=99, 462.528pt x 346.896pt>
File: Q1/plots/intra_option_policy_G2.png Graphic file (type png)
<use Q1/plots/intra_option_policy_G2.png>
Package pdftex.def Info: Q1/plots/intra_option_policy_G2.png  used on input lin
e 185.
(pdftex.def)             Requested size: 241.84843pt x 181.38736pt.
<Q1/plots/intra_option_fixed_start_G1.png, id=100, 462.528pt x 346.896pt>
File: Q1/plots/intra_option_fixed_start_G1.png Graphic file (type png)
<use Q1/plots/intra_option_fixed_start_G1.png>
Package pdftex.def Info: Q1/plots/intra_option_fixed_start_G1.png  used on inpu
t line 192.
(pdftex.def)             Requested size: 241.84843pt x 181.38736pt.
<Q1/plots/intra_option_policy_fixed_start_G1.png, id=101, 462.528pt x 346.896pt
>
File: Q1/plots/intra_option_policy_fixed_start_G1.png Graphic file (type png)
<use Q1/plots/intra_option_policy_fixed_start_G1.png>
Package pdftex.def Info: Q1/plots/intra_option_policy_fixed_start_G1.png  used 
on input line 195.
(pdftex.def)             Requested size: 241.84843pt x 181.38736pt.
 [7 <./Q1/plots/intra_option_G1.png> <./Q1/plots/intra_option_policy_G1.png> <.
/Q1/plots/intra_option_G2.png> <./Q1/plots/intra_option_policy_G2.png>]
<Q1/plots/intra_option_fixed_start_G2.png, id=110, 462.528pt x 346.896pt>
File: Q1/plots/intra_option_fixed_start_G2.png Graphic file (type png)
<use Q1/plots/intra_option_fixed_start_G2.png>
Package pdftex.def Info: Q1/plots/intra_option_fixed_start_G2.png  used on inpu
t line 202.
(pdftex.def)             Requested size: 241.84843pt x 181.38736pt.
<Q1/plots/intra_option_policy_fixed_start_G2.png, id=111, 462.528pt x 346.896pt
>
File: Q1/plots/intra_option_policy_fixed_start_G2.png Graphic file (type png)
<use Q1/plots/intra_option_policy_fixed_start_G2.png>
Package pdftex.def Info: Q1/plots/intra_option_policy_fixed_start_G2.png  used 
on input line 205.
(pdftex.def)             Requested size: 241.84843pt x 181.38736pt.
<Q1/plots/steps_G1.png, id=112, 462.528pt x 346.896pt>
File: Q1/plots/steps_G1.png Graphic file (type png)
<use Q1/plots/steps_G1.png>
Package pdftex.def Info: Q1/plots/steps_G1.png  used on input line 213.
(pdftex.def)             Requested size: 241.84843pt x 181.38736pt.
<Q1/plots/steps_G2.png, id=113, 462.528pt x 346.896pt>
File: Q1/plots/steps_G2.png Graphic file (type png)
<use Q1/plots/steps_G2.png>
Package pdftex.def Info: Q1/plots/steps_G2.png  used on input line 216.
(pdftex.def)             Requested size: 241.84843pt x 181.38736pt.
 [8 <./Q1/plots/intra_option_fixed_start_G1.png> <./Q1/plots/intra_option_polic
y_fixed_start_G1.png> <./Q1/plots/intra_option_fixed_start_G2.png> <./Q1/plots/
intra_option_policy_fixed_start_G2.png>] [9 <./Q1/plots/steps_G1.png> <./Q1/plo
ts/steps_G2.png>]
<Q2/plots/learning_curve_best.png, id=127, 462.528pt x 346.896pt>
File: Q2/plots/learning_curve_best.png Graphic file (type png)
<use Q2/plots/learning_curve_best.png>
Package pdftex.def Info: Q2/plots/learning_curve_best.png  used on input line 2
47.
(pdftex.def)             Requested size: 241.84843pt x 181.38736pt.
<Q2/plots/test_plot.png, id=128, 462.528pt x 346.896pt>
File: Q2/plots/test_plot.png Graphic file (type png)
<use Q2/plots/test_plot.png>
Package pdftex.def Info: Q2/plots/test_plot.png  used on input line 251.
(pdftex.def)             Requested size: 241.84843pt x 181.38736pt.

Overfull \hbox (32.42514pt too wide) in paragraph at lines 262--282
 [] 
 []

<Q2/plots/mini_batch_size.png, id=129, 462.528pt x 346.896pt>
File: Q2/plots/mini_batch_size.png Graphic file (type png)
<use Q2/plots/mini_batch_size.png>
Package pdftex.def Info: Q2/plots/mini_batch_size.png  used on input line 289.
(pdftex.def)             Requested size: 241.84843pt x 181.38736pt.
<Q2/plots/learning_rate.png, id=130, 462.528pt x 346.896pt>
File: Q2/plots/learning_rate.png Graphic file (type png)
<use Q2/plots/learning_rate.png>
Package pdftex.def Info: Q2/plots/learning_rate.png  used on input line 293.
(pdftex.def)             Requested size: 241.84843pt x 181.38736pt.
<Q2/plots/start_epsilion.png, id=131, 462.528pt x 346.896pt>
File: Q2/plots/start_epsilion.png Graphic file (type png)
<use Q2/plots/start_epsilion.png>
Package pdftex.def Info: Q2/plots/start_epsilion.png  used on input line 297.
(pdftex.def)             Requested size: 241.84843pt x 181.38736pt.
<Q2/plots/replay_memory_size.png, id=132, 462.528pt x 346.896pt>
File: Q2/plots/replay_memory_size.png Graphic file (type png)
<use Q2/plots/replay_memory_size.png>
Package pdftex.def Info: Q2/plots/replay_memory_size.png  used on input line 30
1.
(pdftex.def)             Requested size: 241.84843pt x 181.38736pt.
[10 <./Q2/plots/learning_curve_best.png> <./Q2/plots/test_plot.png>]
<Q2/plots/learning_curve_without_target.png, id=138, 462.528pt x 346.896pt>
File: Q2/plots/learning_curve_without_target.png Graphic file (type png)
<use Q2/plots/learning_curve_without_target.png>
Package pdftex.def Info: Q2/plots/learning_curve_without_target.png  used on in
put line 325.
(pdftex.def)             Requested size: 154.78653pt x 116.09045pt.
<Q2/plots/learning_curve_without_replay.png, id=139, 462.528pt x 346.896pt>
File: Q2/plots/learning_curve_without_replay.png Graphic file (type png)
<use Q2/plots/learning_curve_without_replay.png>
Package pdftex.def Info: Q2/plots/learning_curve_without_replay.png  used on in
put line 329.
(pdftex.def)             Requested size: 154.78653pt x 116.09045pt.
<Q2/plots/learning_curve_without_replay_and_target.png, id=140, 462.528pt x 346
.896pt>
File: Q2/plots/learning_curve_without_replay_and_target.png Graphic file (type 
png)
<use Q2/plots/learning_curve_without_replay_and_target.png>
Package pdftex.def Info: Q2/plots/learning_curve_without_replay_and_target.png 
 used on input line 333.
(pdftex.def)             Requested size: 154.78653pt x 116.09045pt.
 [11 <./Q2/plots/mini_batch_size.png> <./Q2/plots/learning_rate.png> <./Q2/plot
s/start_epsilion.png> <./Q2/plots/replay_memory_size.png>] [12 <./Q2/plots/lear
ning_curve_without_target.png> <./Q2/plots/learning_curve_without_replay.png> <
./Q2/plots/learning_curve_without_replay_and_target.png>] (./report.aux)

LaTeX Warning: There were multiply-defined labels.

 ) 
Here is how much of TeX's memory you used:
 3500 strings out of 481239
 53107 string characters out of 5920377
 294582 words of memory out of 5000000
 18688 multiletter control sequences out of 15000+600000
 544238 words of font info for 49 fonts, out of 8000000 for 9000
 1141 hyphenation exceptions out of 8191
 32i,11n,37p,557b,272s stack positions out of 5000i,500n,10000p,200000b,80000s
{/usr/share/texmf/fonts/enc/dvips/cm-super/cm-super-ts1.enc}{/usr/share/texmf
/fonts/enc/dvips/cm-super/cm-super-t1.enc}</usr/share/texlive/texmf-dist/fonts/
type1/public/amsfonts/cm/cmmi10.pfb></usr/share/texlive/texmf-dist/fonts/type1/
public/amsfonts/cm/cmr10.pfb></usr/share/texlive/texmf-dist/fonts/type1/public/
amsfonts/cm/cmr7.pfb></usr/share/texmf/fonts/type1/public/cm-super/sfbx1000.pfb
></usr/share/texmf/fonts/type1/public/cm-super/sfbx1200.pfb></usr/share/texmf/f
onts/type1/public/cm-super/sfbx1440.pfb></usr/share/texmf/fonts/type1/public/cm
-super/sfbx1728.pfb></usr/share/texmf/fonts/type1/public/cm-super/sfrm1000.pfb>
</usr/share/texmf/fonts/type1/public/cm-super/sfrm1200.pfb></usr/share/texmf/fo
nts/type1/public/cm-super/sfrm1728.pfb>
Output written on report.pdf (12 pages, 1431263 bytes).
PDF statistics:
 190 PDF objects out of 1000 (max. 8388607)
 63 compressed objects within 1 object stream
 0 named destinations out of 1000 (max. 500000)
 256 words of extra memory for PDF output out of 10000 (max. 10000000)

